<?xml version="1.0" encoding="UTF-8"?>
<!-- Generated by org.testng.reporters.JUnitXMLReporter -->
<testsuite ignored="0" hostname="LAPTOP-4TQR0IMD" failures="1" tests="8" name="Test" time="0.604" errors="0" timestamp="2023-06-30T15:16:02 IST">
  <testcase classname="listener.SampleTest2" name="TC5" time="0.006"/>
  <testcase classname="listener.SampleTest2" name="TC6" time="0.006"/>
  <testcase classname="listener.SampleTest2" name="TC7" time="0.001"/>
  <testcase classname="listener.SampleTest2" name="TC8" time="0.0"/>
  <testcase classname="listener.SampleTest1" name="TC2" time="0.516">
    <failure type="org.testng.internal.thread.ThreadTimeoutException" message="Method listener.SampleTest1.TC2() didn&amp;apos;t finish within the time-out 500">
      <![CDATA[org.testng.internal.thread.ThreadTimeoutException: Method listener.SampleTest1.TC2() didn't finish within the time-out 500
at java.base@17.0.6/java.lang.Thread.sleep(Native Method)
at app//listener.SampleTest1.TC2(SampleTest1.java:17)
at java.base@17.0.6/java.util.concurrent.FutureTask.run(FutureTask.java:264)
at java.base@17.0.6/java.util.concurrent.ThreadPoolExecutor.runWorker(ThreadPoolExecutor.java:1136)
at java.base@17.0.6/java.util.concurrent.ThreadPoolExecutor$Worker.run(ThreadPoolExecutor.java:635)
at java.base@17.0.6/java.lang.Thread.run(Thread.java:833)
... Removed 8 stack frames]]>
    </failure>
  </testcase> <!-- TC2 -->
  <testcase classname="listener.SampleTest1" name="TC1" time="0.002"/>
  <testcase classname="listener.SampleTest1" name="TC4" time="0.005"/>
  <testcase classname="listener.SampleTest1" name="TC3" time="0.0">
    <skipped/>
  </testcase> <!-- TC3 -->
</testsuite> <!-- Test -->
